android/app/build/intermediates/manifest_merge_blame_file/debug/manifest-merger-blame-debug-report.txt
1<?xml version="1.0" encoding="utf-8"?>
2<manifest xmlns:android="http://schemas.android.com/apk/res/android"
3    package="com.fasting_app_rn"
4    android:versionCode="1"
5    android:versionName="1.0" >
6
7    <uses-sdk
8        android:minSdkVersion="21"
9        android:targetSdkVersion="33" />
10
11    <uses-permission android:name="android.permission.SYSTEM_ALERT_WINDOW" />
11-->src/debug/AndroidManifest.xml:5:5-77
11-->src/debug/AndroidManifest.xml:5:22-75
12    <uses-permission android:name="android.permission.INTERNET" />
12-->src/main/AndroidManifest.xml:2:3-64
12-->src/main/AndroidManifest.xml:2:20-62
13    <uses-permission android:name="android.permission.ACTIVITY_RECOGNITION" />
13-->src/main/AndroidManifest.xml:3:3-76
13-->src/main/AndroidManifest.xml:3:20-74
14    <uses-permission android:name="android.permission.WRITE_EXTERNAL_STORAGE" />
14-->src/main/AndroidManifest.xml:4:3-78
14-->src/main/AndroidManifest.xml:4:20-76
15    <uses-permission android:name="android.permission.READ_EXTERNAL_STORAGE" />
15-->src/main/AndroidManifest.xml:5:3-77
15-->src/main/AndroidManifest.xml:5:20-75
16    <uses-permission android:name="android.permission.POST_NOTIFICATIONS" />
16-->src/main/AndroidManifest.xml:6:3-74
16-->src/main/AndroidManifest.xml:6:20-72
17    <uses-permission android:name="android.permission.WRITE_EXTERNAL_STORAGE" />
17-->src/main/AndroidManifest.xml:4:3-78
17-->src/main/AndroidManifest.xml:4:20-76
18    <uses-permission android:name="android.permission.VIBRATE" />
18-->src/main/AndroidManifest.xml:8:3-63
18-->src/main/AndroidManifest.xml:8:20-61
19    <uses-permission android:name="android.permission.RECEIVE_BOOT_COMPLETED" />
19-->src/main/AndroidManifest.xml:9:3-78
19-->src/main/AndroidManifest.xml:9:20-76
20    <uses-permission android:name="android.permission.SCHEDULE_EXACT_ALARM" />
20-->src/main/AndroidManifest.xml:10:3-76
20-->src/main/AndroidManifest.xml:10:20-74
21
22    <queries>
22-->src/main/AndroidManifest.xml:11:3-29:13
23        <package android:name="com.google.android.apps.fitness" />
23-->src/main/AndroidManifest.xml:12:5-62
23-->src/main/AndroidManifest.xml:12:14-60
24
25        <intent>
25-->src/main/AndroidManifest.xml:13:5-16:14
26            <action android:name="android.intent.action.VIEW" />
26-->src/main/AndroidManifest.xml:14:7-59
26-->src/main/AndroidManifest.xml:14:15-56
27
28            <data android:scheme="http" />
28-->src/main/AndroidManifest.xml:15:7-36
28-->src/main/AndroidManifest.xml:15:13-34
29        </intent>
30        <intent>
30-->src/main/AndroidManifest.xml:17:5-20:14
31            <action android:name="android.intent.action.VIEW" />
31-->src/main/AndroidManifest.xml:14:7-59
31-->src/main/AndroidManifest.xml:14:15-56
32
33            <data
33-->src/main/AndroidManifest.xml:15:7-36
34                android:host="*"
35                android:scheme="https" />
35-->src/main/AndroidManifest.xml:15:13-34
36        </intent>
37        <intent>
37-->src/main/AndroidManifest.xml:21:5-24:14
38            <action android:name="android.intent.action.VIEW" />
38-->src/main/AndroidManifest.xml:14:7-59
38-->src/main/AndroidManifest.xml:14:15-56
39
40            <data android:scheme="geo" />
40-->src/main/AndroidManifest.xml:15:7-36
40-->src/main/AndroidManifest.xml:15:13-34
41        </intent>
42        <intent>
42-->src/main/AndroidManifest.xml:25:5-28:14
43            <action android:name="android.intent.action.VIEW" />
43-->src/main/AndroidManifest.xml:14:7-59
43-->src/main/AndroidManifest.xml:14:15-56
44
45            <data android:scheme="google.navigation" />
45-->src/main/AndroidManifest.xml:15:7-36
45-->src/main/AndroidManifest.xml:15:13-34
46        </intent>
47    </queries>
48
49    <uses-permission android:name="android.permission.ACCESS_WIFI_STATE" />
49-->[com.facebook.flipper:flipper:0.125.0] AndroidManifest.xml:16:5-76
49-->[com.facebook.flipper:flipper:0.125.0] AndroidManifest.xml:16:22-73
50    <uses-permission android:name="android.permission.ACCESS_NETWORK_STATE" />
50-->[:react-native-community_netinfo] AndroidManifest.xml:9:5-79
50-->[:react-native-community_netinfo] AndroidManifest.xml:9:22-76
51    <uses-permission android:name="android.permission.WAKE_LOCK" />
51-->[:react-native-firebase_auth] AndroidManifest.xml:10:5-68
51-->[:react-native-firebase_auth] AndroidManifest.xml:10:22-65
52    <uses-permission android:name="android.permission.USE_BIOMETRIC" />
52-->[:react-native-biometrics] AndroidManifest.xml:9:5-72
52-->[:react-native-biometrics] AndroidManifest.xml:9:22-69
53    <uses-permission android:name="android.permission.USE_FINGERPRINT" /> <!-- Required by older versions of Google Play services to create IID tokens -->
53-->[:react-native-biometrics] AndroidManifest.xml:10:5-74
53-->[:react-native-biometrics] AndroidManifest.xml:10:22-71
54    <uses-permission android:name="com.google.android.c2dm.permission.RECEIVE" />
54-->[com.google.firebase:firebase-messaging:23.2.1] AndroidManifest.xml:26:5-82
54-->[com.google.firebase:firebase-messaging:23.2.1] AndroidManifest.xml:26:22-79
55    <uses-permission android:name="com.google.android.gms.permission.AD_ID" />
55-->[com.google.android.gms:play-services-measurement-api:21.3.0] AndroidManifest.xml:25:5-79
55-->[com.google.android.gms:play-services-measurement-api:21.3.0] AndroidManifest.xml:25:22-76
56    <uses-permission android:name="com.google.android.finsky.permission.BIND_GET_INSTALL_REFERRER_SERVICE" /> <!-- for android -->
56-->[com.google.android.gms:play-services-measurement:21.3.0] AndroidManifest.xml:26:5-110
56-->[com.google.android.gms:play-services-measurement:21.3.0] AndroidManifest.xml:26:22-107
57    <!-- <uses-permission android:name="com.android.launcher.permission.READ_SETTINGS"/> -->
58    <!-- <uses-permission android:name="com.android.launcher.permission.WRITE_SETTINGS"/> -->
59    <!-- <uses-permission android:name="com.android.launcher.permission.INSTALL_SHORTCUT" /> -->
60    <!-- <uses-permission android:name="com.android.launcher.permission.UNINSTALL_SHORTCUT" /> -->
61    <!-- for Samsung -->
62    <uses-permission android:name="com.sec.android.provider.badge.permission.READ" />
62-->[me.leolin:ShortcutBadger:1.1.22] AndroidManifest.xml:19:5-86
62-->[me.leolin:ShortcutBadger:1.1.22] AndroidManifest.xml:19:22-83
63    <uses-permission android:name="com.sec.android.provider.badge.permission.WRITE" /> <!-- for htc -->
63-->[me.leolin:ShortcutBadger:1.1.22] AndroidManifest.xml:20:5-87
63-->[me.leolin:ShortcutBadger:1.1.22] AndroidManifest.xml:20:22-84
64    <uses-permission android:name="com.htc.launcher.permission.READ_SETTINGS" />
64-->[me.leolin:ShortcutBadger:1.1.22] AndroidManifest.xml:23:5-81
64-->[me.leolin:ShortcutBadger:1.1.22] AndroidManifest.xml:23:22-78
65    <uses-permission android:name="com.htc.launcher.permission.UPDATE_SHORTCUT" /> <!-- for sony -->
65-->[me.leolin:ShortcutBadger:1.1.22] AndroidManifest.xml:24:5-83
65-->[me.leolin:ShortcutBadger:1.1.22] AndroidManifest.xml:24:22-80
66    <uses-permission android:name="com.sonyericsson.home.permission.BROADCAST_BADGE" />
66-->[me.leolin:ShortcutBadger:1.1.22] AndroidManifest.xml:27:5-88
66-->[me.leolin:ShortcutBadger:1.1.22] AndroidManifest.xml:27:22-85
67    <uses-permission android:name="com.sonymobile.home.permission.PROVIDER_INSERT_BADGE" /> <!-- for apex -->
67-->[me.leolin:ShortcutBadger:1.1.22] AndroidManifest.xml:28:5-92
67-->[me.leolin:ShortcutBadger:1.1.22] AndroidManifest.xml:28:22-89
68    <uses-permission android:name="com.anddoes.launcher.permission.UPDATE_COUNT" /> <!-- for solid -->
68-->[me.leolin:ShortcutBadger:1.1.22] AndroidManifest.xml:31:5-84
68-->[me.leolin:ShortcutBadger:1.1.22] AndroidManifest.xml:31:22-81
69    <uses-permission android:name="com.majeur.launcher.permission.UPDATE_BADGE" /> <!-- for huawei -->
69-->[me.leolin:ShortcutBadger:1.1.22] AndroidManifest.xml:34:5-83
69-->[me.leolin:ShortcutBadger:1.1.22] AndroidManifest.xml:34:22-80
70    <uses-permission android:name="com.huawei.android.launcher.permission.CHANGE_BADGE" />
70-->[me.leolin:ShortcutBadger:1.1.22] AndroidManifest.xml:37:5-91
70-->[me.leolin:ShortcutBadger:1.1.22] AndroidManifest.xml:37:22-88
71    <uses-permission android:name="com.huawei.android.launcher.permission.READ_SETTINGS" />
71-->[me.leolin:ShortcutBadger:1.1.22] AndroidManifest.xml:38:5-92
71-->[me.leolin:ShortcutBadger:1.1.22] AndroidManifest.xml:38:22-89
72    <uses-permission android:name="com.huawei.android.launcher.permission.WRITE_SETTINGS" /> <!-- for ZUK -->
72-->[me.leolin:ShortcutBadger:1.1.22] AndroidManifest.xml:39:5-93
72-->[me.leolin:ShortcutBadger:1.1.22] AndroidManifest.xml:39:22-90
73    <uses-permission android:name="android.permission.READ_APP_BADGE" /> <!-- for OPPO -->
73-->[me.leolin:ShortcutBadger:1.1.22] AndroidManifest.xml:42:5-73
73-->[me.leolin:ShortcutBadger:1.1.22] AndroidManifest.xml:42:22-70
74    <uses-permission android:name="com.oppo.launcher.permission.READ_SETTINGS" />
74-->[me.leolin:ShortcutBadger:1.1.22] AndroidManifest.xml:45:5-82
74-->[me.leolin:ShortcutBadger:1.1.22] AndroidManifest.xml:45:22-79
75    <uses-permission android:name="com.oppo.launcher.permission.WRITE_SETTINGS" /> <!-- for EvMe -->
75-->[me.leolin:ShortcutBadger:1.1.22] AndroidManifest.xml:46:5-83
75-->[me.leolin:ShortcutBadger:1.1.22] AndroidManifest.xml:46:22-80
76    <uses-permission android:name="me.everything.badger.permission.BADGE_COUNT_READ" />
76-->[me.leolin:ShortcutBadger:1.1.22] AndroidManifest.xml:49:5-88
76-->[me.leolin:ShortcutBadger:1.1.22] AndroidManifest.xml:49:22-85
77    <uses-permission android:name="me.everything.badger.permission.BADGE_COUNT_WRITE" />
77-->[me.leolin:ShortcutBadger:1.1.22] AndroidManifest.xml:50:5-89
77-->[me.leolin:ShortcutBadger:1.1.22] AndroidManifest.xml:50:22-86
78
79    <application
79-->src/main/AndroidManifest.xml:30:3-51:17
80        android:name="com.fasting_app_rn.MainApplication"
80-->src/main/AndroidManifest.xml:30:16-47
81        android:allowBackup="false"
81-->src/main/AndroidManifest.xml:30:162-189
82        android:appComponentFactory="androidx.core.app.CoreComponentFactory"
82-->[androidx.core:core:1.7.0] AndroidManifest.xml:24:18-86
83        android:debuggable="true"
84        android:icon="@mipmap/ic_launcher"
84-->src/main/AndroidManifest.xml:30:81-115
85        android:label="@string/app_name"
85-->src/main/AndroidManifest.xml:30:48-80
86        android:networkSecurityConfig="@xml/network_security_config"
86-->src/main/AndroidManifest.xml:30:222-282
87        android:roundIcon="@mipmap/ic_launcher_round"
87-->src/main/AndroidManifest.xml:30:116-161
88        android:theme="@style/AppTheme"
88-->src/main/AndroidManifest.xml:30:190-221
89        android:usesCleartextTraffic="true" >
89-->src/debug/AndroidManifest.xml:8:9-44
90        <activity
90-->src/debug/AndroidManifest.xml:11:9-111
91            android:name="com.facebook.react.devsupport.DevSettingsActivity"
91-->src/debug/AndroidManifest.xml:11:19-83
92            android:exported="false" />
92-->src/debug/AndroidManifest.xml:11:84-108
93        <activity
93-->src/main/AndroidManifest.xml:31:5-42:16
94            android:name="com.fasting_app_rn.MainActivity"
94-->src/main/AndroidManifest.xml:31:15-43
95            android:configChanges="keyboard|keyboardHidden|orientation|screenLayout|screenSize|smallestScreenSize|uiMode"
95-->src/main/AndroidManifest.xml:31:77-186
96            android:exported="true"
96-->src/main/AndroidManifest.xml:31:262-285
97            android:label="@string/app_name"
97-->src/main/AndroidManifest.xml:31:44-76
98            android:launchMode="singleTask"
98-->src/main/AndroidManifest.xml:31:187-218
99            android:screenOrientation="portrait"
99-->src/main/AndroidManifest.xml:31:286-322
100            android:windowSoftInputMode="adjustResize" >
100-->src/main/AndroidManifest.xml:31:219-261
101            <intent-filter android:autoVerify="true" >
101-->src/main/AndroidManifest.xml:32:7-35:23
101-->src/main/AndroidManifest.xml:32:22-47
102                <action android:name="android.intent.action.MAIN" />
102-->src/main/AndroidManifest.xml:33:9-60
102-->src/main/AndroidManifest.xml:33:17-58
103
104                <category android:name="android.intent.category.LAUNCHER" />
104-->src/main/AndroidManifest.xml:34:9-68
104-->src/main/AndroidManifest.xml:34:19-66
105            </intent-filter>
106            <intent-filter>
106-->src/main/AndroidManifest.xml:36:7-41:23
107                <action android:name="android.intent.action.VIEW" />
107-->src/main/AndroidManifest.xml:14:7-59
107-->src/main/AndroidManifest.xml:14:15-56
108
109                <category android:name="android.intent.category.DEFAULT" />
109-->src/main/AndroidManifest.xml:38:9-67
109-->src/main/AndroidManifest.xml:38:19-65
110                <category android:name="android.intent.category.BROWSABLE" />
110-->src/main/AndroidManifest.xml:39:9-69
110-->src/main/AndroidManifest.xml:39:19-67
111
112                <data android:scheme="innofast" />
112-->src/main/AndroidManifest.xml:15:7-36
112-->src/main/AndroidManifest.xml:15:13-34
113            </intent-filter>
114        </activity>
115
116        <meta-data
116-->src/main/AndroidManifest.xml:43:5-115
117            android:name="com.dieam.reactnativepushnotification.notification_foreground"
117-->src/main/AndroidManifest.xml:43:16-92
118            android:value="true" />
118-->src/main/AndroidManifest.xml:43:93-113
119
120        <receiver android:name="com.dieam.reactnativepushnotification.modules.RNPushNotificationActions" />
120-->src/main/AndroidManifest.xml:44:5-103
120-->src/main/AndroidManifest.xml:44:15-101
121        <receiver android:name="com.dieam.reactnativepushnotification.modules.RNPushNotificationPublisher" />
121-->src/main/AndroidManifest.xml:45:5-105
121-->src/main/AndroidManifest.xml:45:15-103
122
123        <service
123-->src/main/AndroidManifest.xml:46:5-50:15
124            android:name="com.dieam.reactnativepushnotification.modules.RNPushNotificationListenerService"
124-->src/main/AndroidManifest.xml:46:14-108
125            android:exported="false" >
125-->src/main/AndroidManifest.xml:46:109-133
126            <intent-filter>
126-->src/main/AndroidManifest.xml:47:7-49:23
127                <action android:name="com.google.firebase.MESSAGING_EVENT" />
127-->src/main/AndroidManifest.xml:48:9-69
127-->src/main/AndroidManifest.xml:48:17-67
128            </intent-filter>
129        </service>
130        <service
130-->[:react-native-firebase_messaging] AndroidManifest.xml:14:9-16:40
131            android:name="io.invertase.firebase.messaging.ReactNativeFirebaseMessagingHeadlessService"
131-->[:react-native-firebase_messaging] AndroidManifest.xml:15:13-103
132            android:exported="false" />
132-->[:react-native-firebase_messaging] AndroidManifest.xml:16:13-37
133        <service
133-->[:react-native-firebase_messaging] AndroidManifest.xml:17:9-23:19
134            android:name="io.invertase.firebase.messaging.ReactNativeFirebaseMessagingService"
134-->[:react-native-firebase_messaging] AndroidManifest.xml:18:13-95
135            android:exported="false" >
135-->[:react-native-firebase_messaging] AndroidManifest.xml:19:13-37
136            <intent-filter>
136-->src/main/AndroidManifest.xml:47:7-49:23
137                <action android:name="com.google.firebase.MESSAGING_EVENT" />
137-->src/main/AndroidManifest.xml:48:9-69
137-->src/main/AndroidManifest.xml:48:17-67
138            </intent-filter>
139        </service>
140
141        <receiver
141-->[:react-native-firebase_messaging] AndroidManifest.xml:25:9-32:20
142            android:name="io.invertase.firebase.messaging.ReactNativeFirebaseMessagingReceiver"
142-->[:react-native-firebase_messaging] AndroidManifest.xml:26:13-96
143            android:exported="true"
143-->[:react-native-firebase_messaging] AndroidManifest.xml:27:13-36
144            android:permission="com.google.android.c2dm.permission.SEND" >
144-->[:react-native-firebase_messaging] AndroidManifest.xml:28:13-73
145            <intent-filter>
145-->[:react-native-firebase_messaging] AndroidManifest.xml:29:13-31:29
146                <action android:name="com.google.android.c2dm.intent.RECEIVE" />
146-->[:react-native-firebase_messaging] AndroidManifest.xml:30:17-81
146-->[:react-native-firebase_messaging] AndroidManifest.xml:30:25-78
147            </intent-filter>
148        </receiver>
149
150        <meta-data
150-->[:react-native-firebase_messaging] AndroidManifest.xml:34:9-36:36
151            android:name="firebase_messaging_auto_init_enabled"
151-->[:react-native-firebase_messaging] AndroidManifest.xml:35:13-64
152            android:value="true" />
152-->[:react-native-firebase_messaging] AndroidManifest.xml:36:13-33
153        <meta-data
153-->[:react-native-firebase_messaging] AndroidManifest.xml:37:9-39:32
154            android:name="com.google.firebase.messaging.default_notification_channel_id"
154-->[:react-native-firebase_messaging] AndroidManifest.xml:38:13-89
155            android:value="" />
155-->[:react-native-firebase_messaging] AndroidManifest.xml:39:13-29
156        <meta-data
156-->[:react-native-firebase_messaging] AndroidManifest.xml:40:9-42:47
157            android:name="com.google.firebase.messaging.default_notification_color"
157-->[:react-native-firebase_messaging] AndroidManifest.xml:41:13-84
158            android:resource="@color/white" />
158-->[:react-native-firebase_messaging] AndroidManifest.xml:42:13-44
159        <meta-data
159-->[:react-native-firebase_app] AndroidManifest.xml:11:9-13:36
160            android:name="app_data_collection_default_enabled"
160-->[:react-native-firebase_app] AndroidManifest.xml:12:13-63
161            android:value="true" />
161-->[:react-native-firebase_app] AndroidManifest.xml:13:13-33
162
163        <service
163-->[:react-native-firebase_app] AndroidManifest.xml:15:9-23:19
164            android:name="com.google.firebase.components.ComponentDiscoveryService"
164-->[:react-native-firebase_app] AndroidManifest.xml:16:13-84
165            android:directBootAware="true"
165-->[:react-native-firebase_app] AndroidManifest.xml:17:13-43
166            android:exported="false" >
166-->[:react-native-firebase_app] AndroidManifest.xml:18:13-37
167            <meta-data
167-->[:react-native-firebase_app] AndroidManifest.xml:20:13-22:85
168                android:name="com.google.firebase.components:io.invertase.firebase.app.ReactNativeFirebaseAppRegistrar"
168-->[:react-native-firebase_app] AndroidManifest.xml:21:17-120
169                android:value="com.google.firebase.components.ComponentRegistrar" />
169-->[:react-native-firebase_app] AndroidManifest.xml:22:17-82
170            <meta-data
170-->[com.google.firebase:firebase-analytics-ktx:21.3.0] AndroidManifest.xml:11:13-13:85
171                android:name="com.google.firebase.components:com.google.firebase.analytics.ktx.FirebaseAnalyticsKtxRegistrar"
171-->[com.google.firebase:firebase-analytics-ktx:21.3.0] AndroidManifest.xml:12:17-126
172                android:value="com.google.firebase.components.ComponentRegistrar" />
172-->[com.google.firebase:firebase-analytics-ktx:21.3.0] AndroidManifest.xml:13:17-82
173            <meta-data
173-->[com.google.firebase:firebase-messaging:23.2.1] AndroidManifest.xml:53:13-55:85
174                android:name="com.google.firebase.components:com.google.firebase.messaging.FirebaseMessagingRegistrar"
174-->[com.google.firebase:firebase-messaging:23.2.1] AndroidManifest.xml:54:17-119
175                android:value="com.google.firebase.components.ComponentRegistrar" />
175-->[com.google.firebase:firebase-messaging:23.2.1] AndroidManifest.xml:55:17-82
176            <meta-data
176-->[com.google.firebase:firebase-datatransport:18.1.7] AndroidManifest.xml:27:13-29:85
177                android:name="com.google.firebase.components:com.google.firebase.datatransport.TransportRegistrar"
177-->[com.google.firebase:firebase-datatransport:18.1.7] AndroidManifest.xml:28:17-115
178                android:value="com.google.firebase.components.ComponentRegistrar" />
178-->[com.google.firebase:firebase-datatransport:18.1.7] AndroidManifest.xml:29:17-82
179            <meta-data
179-->[com.google.firebase:firebase-auth:22.1.1] AndroidManifest.xml:69:13-71:85
180                android:name="com.google.firebase.components:com.google.firebase.auth.FirebaseAuthRegistrar"
180-->[com.google.firebase:firebase-auth:22.1.1] AndroidManifest.xml:70:17-109
181                android:value="com.google.firebase.components.ComponentRegistrar" />
181-->[com.google.firebase:firebase-auth:22.1.1] AndroidManifest.xml:71:17-82
182            <meta-data
182-->[com.google.firebase:firebase-common-ktx:20.3.3] AndroidManifest.xml:14:13-16:85
183                android:name="com.google.firebase.components:com.google.firebase.ktx.FirebaseCommonKtxRegistrar"
183-->[com.google.firebase:firebase-common-ktx:20.3.3] AndroidManifest.xml:15:17-113
184                android:value="com.google.firebase.components.ComponentRegistrar" />
184-->[com.google.firebase:firebase-common-ktx:20.3.3] AndroidManifest.xml:16:17-82
185            <meta-data
185-->[com.google.android.gms:play-services-measurement-api:21.3.0] AndroidManifest.xml:31:13-33:85
186                android:name="com.google.firebase.components:com.google.firebase.analytics.connector.internal.AnalyticsConnectorRegistrar"
186-->[com.google.android.gms:play-services-measurement-api:21.3.0] AndroidManifest.xml:32:17-139
187                android:value="com.google.firebase.components.ComponentRegistrar" />
187-->[com.google.android.gms:play-services-measurement-api:21.3.0] AndroidManifest.xml:33:17-82
188            <meta-data
188-->[com.google.firebase:firebase-installations:17.1.4] AndroidManifest.xml:15:13-17:85
189                android:name="com.google.firebase.components:com.google.firebase.installations.FirebaseInstallationsRegistrar"
189-->[com.google.firebase:firebase-installations:17.1.4] AndroidManifest.xml:16:17-127
190                android:value="com.google.firebase.components.ComponentRegistrar" />
190-->[com.google.firebase:firebase-installations:17.1.4] AndroidManifest.xml:17:17-82
191        </service>
192
193        <provider
193-->[:react-native-firebase_app] AndroidManifest.xml:25:9-29:38
194            android:name="io.invertase.firebase.app.ReactNativeFirebaseAppInitProvider"
194-->[:react-native-firebase_app] AndroidManifest.xml:26:13-88
195            android:authorities="com.fasting_app_rn.reactnativefirebaseappinitprovider"
195-->[:react-native-firebase_app] AndroidManifest.xml:27:13-86
196            android:exported="false"
196-->[:react-native-firebase_app] AndroidManifest.xml:28:13-37
197            android:initOrder="99" />
197-->[:react-native-firebase_app] AndroidManifest.xml:29:13-35
198        <provider
198-->[:react-native-image-picker] AndroidManifest.xml:10:9-18:20
199            android:name="com.imagepicker.ImagePickerProvider"
199-->[:react-native-image-picker] AndroidManifest.xml:11:13-63
200            android:authorities="com.fasting_app_rn.imagepickerprovider"
200-->[:react-native-image-picker] AndroidManifest.xml:12:13-71
201            android:exported="false"
201-->[:react-native-image-picker] AndroidManifest.xml:13:13-37
202            android:grantUriPermissions="true" >
202-->[:react-native-image-picker] AndroidManifest.xml:14:13-47
203            <meta-data
203-->[:react-native-image-picker] AndroidManifest.xml:15:13-17:70
204                android:name="android.support.FILE_PROVIDER_PATHS"
204-->[:react-native-image-picker] AndroidManifest.xml:16:17-67
205                android:resource="@xml/imagepicker_provider_paths" />
205-->[:react-native-image-picker] AndroidManifest.xml:17:17-67
206        </provider>
207        <provider
207-->[:react-native-webview] AndroidManifest.xml:10:9-18:20
208            android:name="com.reactnativecommunity.webview.RNCWebViewFileProvider"
208-->[:react-native-webview] AndroidManifest.xml:11:13-83
209            android:authorities="com.fasting_app_rn.fileprovider"
209-->[:react-native-webview] AndroidManifest.xml:12:13-64
210            android:exported="false"
210-->[:react-native-webview] AndroidManifest.xml:13:13-37
211            android:grantUriPermissions="true" >
211-->[:react-native-webview] AndroidManifest.xml:14:13-47
212            <meta-data
212-->[:react-native-image-picker] AndroidManifest.xml:15:13-17:70
213                android:name="android.support.FILE_PROVIDER_PATHS"
213-->[:react-native-image-picker] AndroidManifest.xml:16:17-67
214                android:resource="@xml/file_provider_paths" />
214-->[:react-native-image-picker] AndroidManifest.xml:17:17-67
215        </provider>
216
217        <activity
217-->[com.google.android.gms:play-services-auth:20.7.0] AndroidManifest.xml:23:9-27:75
218            android:name="com.google.android.gms.auth.api.signin.internal.SignInHubActivity"
218-->[com.google.android.gms:play-services-auth:20.7.0] AndroidManifest.xml:24:13-93
219            android:excludeFromRecents="true"
219-->[com.google.android.gms:play-services-auth:20.7.0] AndroidManifest.xml:25:13-46
220            android:exported="false"
220-->[com.google.android.gms:play-services-auth:20.7.0] AndroidManifest.xml:26:13-37
221            android:theme="@android:style/Theme.Translucent.NoTitleBar" />
221-->[com.google.android.gms:play-services-auth:20.7.0] AndroidManifest.xml:27:13-72
222        <!--
223            Service handling Google Sign-In user revocation. For apps that do not integrate with
224            Google Sign-In, this service will never be started.
225        -->
226        <service
226-->[com.google.android.gms:play-services-auth:20.7.0] AndroidManifest.xml:33:9-37:51
227            android:name="com.google.android.gms.auth.api.signin.RevocationBoundService"
227-->[com.google.android.gms:play-services-auth:20.7.0] AndroidManifest.xml:34:13-89
228            android:exported="true"
228-->[com.google.android.gms:play-services-auth:20.7.0] AndroidManifest.xml:35:13-36
229            android:permission="com.google.android.gms.auth.api.signin.permission.REVOCATION_NOTIFICATION"
229-->[com.google.android.gms:play-services-auth:20.7.0] AndroidManifest.xml:36:13-107
230            android:visibleToInstantApps="true" />
230-->[com.google.android.gms:play-services-auth:20.7.0] AndroidManifest.xml:37:13-48
231
232        <receiver
232-->[com.google.firebase:firebase-messaging:23.2.1] AndroidManifest.xml:29:9-36:20
233            android:name="com.google.firebase.iid.FirebaseInstanceIdReceiver"
233-->[com.google.firebase:firebase-messaging:23.2.1] AndroidManifest.xml:30:13-78
234            android:exported="true"
234-->[com.google.firebase:firebase-messaging:23.2.1] AndroidManifest.xml:31:13-36
235            android:permission="com.google.android.c2dm.permission.SEND" >
235-->[com.google.firebase:firebase-messaging:23.2.1] AndroidManifest.xml:32:13-73
236            <intent-filter>
236-->[:react-native-firebase_messaging] AndroidManifest.xml:29:13-31:29
237                <action android:name="com.google.android.c2dm.intent.RECEIVE" />
237-->[:react-native-firebase_messaging] AndroidManifest.xml:30:17-81
237-->[:react-native-firebase_messaging] AndroidManifest.xml:30:25-78
238            </intent-filter>
239        </receiver>
240        <!--
241             FirebaseMessagingService performs security checks at runtime,
242             but set to not exported to explicitly avoid allowing another app to call it.
243        -->
244        <service
244-->[com.google.firebase:firebase-messaging:23.2.1] AndroidManifest.xml:42:9-49:19
245            android:name="com.google.firebase.messaging.FirebaseMessagingService"
245-->[com.google.firebase:firebase-messaging:23.2.1] AndroidManifest.xml:43:13-82
246            android:directBootAware="true"
246-->[com.google.firebase:firebase-messaging:23.2.1] AndroidManifest.xml:44:13-43
247            android:exported="false" >
247-->[com.google.firebase:firebase-messaging:23.2.1] AndroidManifest.xml:45:13-37
248            <intent-filter android:priority="-500" >
248-->src/main/AndroidManifest.xml:47:7-49:23
249                <action android:name="com.google.firebase.MESSAGING_EVENT" />
249-->src/main/AndroidManifest.xml:48:9-69
249-->src/main/AndroidManifest.xml:48:17-67
250            </intent-filter>
251        </service>
252        <service
252-->[com.google.android.datatransport:transport-backend-cct:3.1.8] AndroidManifest.xml:28:9-34:19
253            android:name="com.google.android.datatransport.runtime.backends.TransportBackendDiscovery"
253-->[com.google.android.datatransport:transport-backend-cct:3.1.8] AndroidManifest.xml:29:13-103
254            android:exported="false" >
254-->[com.google.android.datatransport:transport-backend-cct:3.1.8] AndroidManifest.xml:30:13-37
255            <meta-data
255-->[com.google.android.datatransport:transport-backend-cct:3.1.8] AndroidManifest.xml:31:13-33:39
256                android:name="backend:com.google.android.datatransport.cct.CctBackendFactory"
256-->[com.google.android.datatransport:transport-backend-cct:3.1.8] AndroidManifest.xml:32:17-94
257                android:value="cct" />
257-->[com.google.android.datatransport:transport-backend-cct:3.1.8] AndroidManifest.xml:33:17-36
258        </service>
259        <service
259-->[com.google.android.datatransport:transport-runtime:3.1.8] AndroidManifest.xml:26:9-30:19
260            android:name="com.google.android.datatransport.runtime.scheduling.jobscheduling.JobInfoSchedulerService"
260-->[com.google.android.datatransport:transport-runtime:3.1.8] AndroidManifest.xml:27:13-117
261            android:exported="false"
261-->[com.google.android.datatransport:transport-runtime:3.1.8] AndroidManifest.xml:28:13-37
262            android:permission="android.permission.BIND_JOB_SERVICE" >
262-->[com.google.android.datatransport:transport-runtime:3.1.8] AndroidManifest.xml:29:13-69